# JRE version: Java(TM) SE Runtime Environment (8.0_51-b16) (build 1.8.0_51-b16)
# Java VM: Java HotSpot(TM) 64-Bit Server VM (25.51-b03 mixed mode windows-amd64 compressed oops)
Heap:
 par new generation   total 230016K, used 82693K [0x00000005c0000000, 0x00000005cf990000, 0x00000005cf990000)
  eden space 204480K,  27% used [0x00000005c0000000, 0x00000005c37d1400, 0x00000005cc7b0000)
  from space 25536K, 100% used [0x00000005cc7b0000, 0x00000005ce0a0000, 0x00000005ce0a0000)
  to   space 25536K,   0% used [0x00000005ce0a0000, 0x00000005ce0a0000, 0x00000005cf990000)
 concurrent mark-sweep generation total 431380K, used 327372K [0x00000005cf990000, 0x00000005e9ed5000, 0x00000007c0000000)
 Metaspace       used 59408K, capacity 60157K, committed 60672K, reserved 1101824K
  class space    used 8426K, capacity 8647K, committed 8704K, reserved 1048576K
GC Heap History (10 events):
Event: 22.660 GC heap before
{Heap before GC invocations=27 (full 11):
 par new generation   total 230016K, used 230016K [0x00000005c0000000, 0x00000005cf990000, 0x00000005cf990000)
  eden space 204480K, 100% used [0x00000005c0000000, 0x00000005cc7b0000, 0x00000005cc7b0000)
  from space 25536K, 100% used [0x00000005ce0a0000, 0x00000005cf990000, 0x00000005cf990000)
  to   space 25536K,   0% used [0x00000005cc7b0000, 0x00000005cc7b0000, 0x00000005ce0a0000)
 concurrent mark-sweep generation total 431380K, used 258827K [0x00000005cf990000, 0x00000005e9ed5000, 0x00000007c0000000)
 Metaspace       used 54409K, capacity 54977K, committed 55552K, reserved 1097728K
  class space    used 7471K, capacity 7675K, committed 7680K, reserved 1048576K
Event: 22.689 GC heap after
Heap after GC invocations=28 (full 11):
 par new generation   total 230016K, used 25536K [0x00000005c0000000, 0x00000005cf990000, 0x00000005cf990000)
  eden space 204480K,   0% used [0x00000005c0000000, 0x00000005c0000000, 0x00000005cc7b0000)
  from space 25536K, 100% used [0x00000005cc7b0000, 0x00000005ce0a0000, 0x00000005ce0a0000)
  to   space 25536K,   0% used [0x00000005ce0a0000, 0x00000005ce0a0000, 0x00000005cf990000)
 concurrent mark-sweep generation total 431380K, used 271233K [0x00000005cf990000, 0x00000005e9ed5000, 0x00000007c0000000)
 Metaspace       used 54409K, capacity 54977K, committed 55552K, reserved 1097728K
  class space    used 7471K, capacity 7675K, committed 7680K, reserved 1048576K
}
Event: 23.178 GC heap before
{Heap before GC invocations=28 (full 11):
 par new generation   total 230016K, used 230016K [0x00000005c0000000, 0x00000005cf990000, 0x00000005cf990000)
  eden space 204480K, 100% used [0x00000005c0000000, 0x00000005cc7b0000, 0x00000005cc7b0000)
  from space 25536K, 100% used [0x00000005cc7b0000, 0x00000005ce0a0000, 0x00000005ce0a0000)
  to   space 25536K,   0% used [0x00000005ce0a0000, 0x00000005ce0a0000, 0x00000005cf990000)
 concurrent mark-sweep generation total 431380K, used 271233K [0x00000005cf990000, 0x00000005e9ed5000, 0x00000007c0000000)
 Metaspace       used 55538K, capacity 56229K, committed 56704K, reserved 1097728K
  class space    used 7772K, capacity 7963K, committed 8064K, reserved 1048576K
Event: 23.202 GC heap after
Heap after GC invocations=29 (full 11):
 par new generation   total 230016K, used 25536K [0x00000005c0000000, 0x00000005cf990000, 0x00000005cf990000)
  eden space 204480K,   0% used [0x00000005c0000000, 0x00000005c0000000, 0x00000005cc7b0000)
  from space 25536K, 100% used [0x00000005ce0a0000, 0x00000005cf990000, 0x00000005cf990000)
  to   space 25536K,   0% used [0x00000005cc7b0000, 0x00000005cc7b0000, 0x00000005ce0a0000)
 concurrent mark-sweep generation total 431380K, used 284915K [0x00000005cf990000, 0x00000005e9ed5000, 0x00000007c0000000)
 Metaspace       used 55538K, capacity 56229K, committed 56704K, reserved 1097728K
  class space    used 7772K, capacity 7963K, committed 8064K, reserved 1048576K
}
Event: 23.796 GC heap before
{Heap before GC invocations=29 (full 11):
 par new generation   total 230016K, used 230016K [0x00000005c0000000, 0x00000005cf990000, 0x00000005cf990000)
  eden space 204480K, 100% used [0x00000005c0000000, 0x00000005cc7b0000, 0x00000005cc7b0000)
  from space 25536K, 100% used [0x00000005ce0a0000, 0x00000005cf990000, 0x00000005cf990000)
  to   space 25536K,   0% used [0x00000005cc7b0000, 0x00000005cc7b0000, 0x00000005ce0a0000)
 concurrent mark-sweep generation total 431380K, used 284915K [0x00000005cf990000, 0x00000005e9ed5000, 0x00000007c0000000)
 Metaspace       used 56944K, capacity 57629K, committed 58240K, reserved 1099776K
  class space    used 8031K, capacity 8235K, committed 8320K, reserved 1048576K
Event: 23.819 GC heap after
Heap after GC invocations=30 (full 11):
 par new generation   total 230016K, used 25536K [0x00000005c0000000, 0x00000005cf990000, 0x00000005cf990000)
  eden space 204480K,   0% used [0x00000005c0000000, 0x00000005c0000000, 0x00000005cc7b0000)
  from space 25536K, 100% used [0x00000005cc7b0000, 0x00000005ce0a0000, 0x00000005ce0a0000)
  to   space 25536K,   0% used [0x00000005ce0a0000, 0x00000005ce0a0000, 0x00000005cf990000)
 concurrent mark-sweep generation total 431380K, used 297139K [0x00000005cf990000, 0x00000005e9ed5000, 0x00000007c0000000)
 Metaspace       used 56944K, capacity 57629K, committed 58240K, reserved 1099776K
  class space    used 8031K, capacity 8235K, committed 8320K, reserved 1048576K
}
Event: 24.368 GC heap before
{Heap before GC invocations=30 (full 11):
 par new generation   total 230016K, used 230016K [0x00000005c0000000, 0x00000005cf990000, 0x00000005cf990000)
  eden space 204480K, 100% used [0x00000005c0000000, 0x00000005cc7b0000, 0x00000005cc7b0000)
  from space 25536K, 100% used [0x00000005cc7b0000, 0x00000005ce0a0000, 0x00000005ce0a0000)
  to   space 25536K,   0% used [0x00000005ce0a0000, 0x00000005ce0a0000, 0x00000005cf990000)
 concurrent mark-sweep generation total 431380K, used 297139K [0x00000005cf990000, 0x00000005e9ed5000, 0x00000007c0000000)
 Metaspace       used 58119K, capacity 58795K, committed 59392K, reserved 1099776K
  class space    used 8231K, capacity 8430K, committed 8448K, reserved 1048576K
Event: 24.394 GC heap after
Heap after GC invocations=31 (full 11):
 par new generation   total 230016K, used 25536K [0x00000005c0000000, 0x00000005cf990000, 0x00000005cf990000)
  eden space 204480K,   0% used [0x00000005c0000000, 0x00000005c0000000, 0x00000005cc7b0000)
  from space 25536K, 100% used [0x00000005ce0a0000, 0x00000005cf990000, 0x00000005cf990000)
  to   space 25536K,   0% used [0x00000005cc7b0000, 0x00000005cc7b0000, 0x00000005ce0a0000)
 concurrent mark-sweep generation total 431380K, used 310169K [0x00000005cf990000, 0x00000005e9ed5000, 0x00000007c0000000)
 Metaspace       used 58119K, capacity 58795K, committed 59392K, reserved 1099776K
  class space    used 8231K, capacity 8430K, committed 8448K, reserved 1048576K
}
Event: 24.895 GC heap before
{Heap before GC invocations=31 (full 11):
 par new generation   total 230016K, used 230016K [0x00000005c0000000, 0x00000005cf990000, 0x00000005cf990000)
  eden space 204480K, 100% used [0x00000005c0000000, 0x00000005cc7b0000, 0x00000005cc7b0000)
  from space 25536K, 100% used [0x00000005ce0a0000, 0x00000005cf990000, 0x00000005cf990000)
  to   space 25536K,   0% used [0x00000005cc7b0000, 0x00000005cc7b0000, 0x00000005ce0a0000)
 concurrent mark-sweep generation total 431380K, used 310169K [0x00000005cf990000, 0x00000005e9ed5000, 0x00000007c0000000)
 Metaspace       used 59044K, capacity 59753K, committed 60416K, reserved 1101824K
  class space    used 8378K, capacity 8603K, committed 8704K, reserved 1048576K
Event: 24.921 GC heap after
Heap after GC invocations=32 (full 11):
 par new generation   total 230016K, used 25536K [0x00000005c0000000, 0x00000005cf990000, 0x00000005cf990000)
  eden space 204480K,   0% used [0x00000005c0000000, 0x00000005c0000000, 0x00000005cc7b0000)
  from space 25536K, 100% used [0x00000005cc7b0000, 0x00000005ce0a0000, 0x00000005ce0a0000)
  to   space 25536K,   0% used [0x00000005ce0a0000, 0x00000005ce0a0000, 0x00000005cf990000)
 concurrent mark-sweep generation total 431380K, used 327372K [0x00000005cf990000, 0x00000005e9ed5000, 0x00000007c0000000)
 Metaspace       used 59044K, capacity 59753K, committed 60416K, reserved 1101824K
  class space    used 8378K, capacity 8603K, committed 8704K, reserved 1048576K
}

