# JRE version: Java(TM) SE Runtime Environment (8.0_51-b16) (build 1.8.0_51-b16)
# Java VM: Java HotSpot(TM) 64-Bit Server VM (25.51-b03 mixed mode windows-amd64 compressed oops)
Heap:
 par new generation   total 230016K, used 208907K [0x0000000640000000, 0x000000064f990000, 0x000000064f990000)
  eden space 204480K,  94% used [0x0000000640000000, 0x000000064bbecf38, 0x000000064c7b0000)
  from space 25536K,  64% used [0x000000064e0a0000, 0x000000064f0b5e40, 0x000000064f990000)
  to   space 25536K,   0% used [0x000000064c7b0000, 0x000000064c7b0000, 0x000000064e0a0000)
 concurrent mark-sweep generation total 2842420K, used 2270027K [0x000000064f990000, 0x00000006fd15d000, 0x00000007c0000000)
 Metaspace       used 155378K, capacity 161419K, committed 161536K, reserved 1185792K
  class space    used 22942K, capacity 24469K, committed 24576K, reserved 1048576K
GC Heap History (10 events):
Event: 215.431 GC heap before
{Heap before GC invocations=268 (full 15):
 par new generation   total 230016K, used 225659K [0x0000000640000000, 0x000000064f990000, 0x000000064f990000)
  eden space 204480K, 100% used [0x0000000640000000, 0x000000064c7b0000, 0x000000064c7b0000)
  from space 25536K,  82% used [0x000000064c7b0000, 0x000000064dc5efa8, 0x000000064e0a0000)
  to   space 25536K,   0% used [0x000000064e0a0000, 0x000000064e0a0000, 0x000000064f990000)
 concurrent mark-sweep generation total 2842420K, used 2269671K [0x000000064f990000, 0x00000006fd15d000, 0x00000007c0000000)
 Metaspace       used 155280K, capacity 161311K, committed 161536K, reserved 1185792K
  class space    used 22932K, capacity 24459K, committed 24576K, reserved 1048576K
Event: 215.446 GC heap after
Heap after GC invocations=269 (full 15):
 par new generation   total 230016K, used 17878K [0x0000000640000000, 0x000000064f990000, 0x000000064f990000)
  eden space 204480K,   0% used [0x0000000640000000, 0x0000000640000000, 0x000000064c7b0000)
  from space 25536K,  70% used [0x000000064e0a0000, 0x000000064f215aa0, 0x000000064f990000)
  to   space 25536K,   0% used [0x000000064c7b0000, 0x000000064c7b0000, 0x000000064e0a0000)
 concurrent mark-sweep generation total 2842420K, used 2269901K [0x000000064f990000, 0x00000006fd15d000, 0x00000007c0000000)
 Metaspace       used 155280K, capacity 161311K, committed 161536K, reserved 1185792K
  class space    used 22932K, capacity 24459K, committed 24576K, reserved 1048576K
}
Event: 218.865 GC heap before
{Heap before GC invocations=269 (full 15):
 par new generation   total 230016K, used 222358K [0x0000000640000000, 0x000000064f990000, 0x000000064f990000)
  eden space 204480K, 100% used [0x0000000640000000, 0x000000064c7b0000, 0x000000064c7b0000)
  from space 25536K,  70% used [0x000000064e0a0000, 0x000000064f215aa0, 0x000000064f990000)
  to   space 25536K,   0% used [0x000000064c7b0000, 0x000000064c7b0000, 0x000000064e0a0000)
 concurrent mark-sweep generation total 2842420K, used 2269901K [0x000000064f990000, 0x00000006fd15d000, 0x00000007c0000000)
 Metaspace       used 155283K, capacity 161315K, committed 161536K, reserved 1185792K
  class space    used 22932K, capacity 24459K, committed 24576K, reserved 1048576K
Event: 218.879 GC heap after
Heap after GC invocations=270 (full 15):
 par new generation   total 230016K, used 20399K [0x0000000640000000, 0x000000064f990000, 0x000000064f990000)
  eden space 204480K,   0% used [0x0000000640000000, 0x0000000640000000, 0x000000064c7b0000)
  from space 25536K,  79% used [0x000000064c7b0000, 0x000000064db9bec0, 0x000000064e0a0000)
  to   space 25536K,   0% used [0x000000064e0a0000, 0x000000064e0a0000, 0x000000064f990000)
 concurrent mark-sweep generation total 2842420K, used 2269909K [0x000000064f990000, 0x00000006fd15d000, 0x00000007c0000000)
 Metaspace       used 155283K, capacity 161315K, committed 161536K, reserved 1185792K
  class space    used 22932K, capacity 24459K, committed 24576K, reserved 1048576K
}
Event: 220.830 GC heap before
{Heap before GC invocations=270 (full 15):
 par new generation   total 230016K, used 224879K [0x0000000640000000, 0x000000064f990000, 0x000000064f990000)
  eden space 204480K, 100% used [0x0000000640000000, 0x000000064c7b0000, 0x000000064c7b0000)
  from space 25536K,  79% used [0x000000064c7b0000, 0x000000064db9bec0, 0x000000064e0a0000)
  to   space 25536K,   0% used [0x000000064e0a0000, 0x000000064e0a0000, 0x000000064f990000)
 concurrent mark-sweep generation total 2842420K, used 2269909K [0x000000064f990000, 0x00000006fd15d000, 0x00000007c0000000)
 Metaspace       used 155322K, capacity 161343K, committed 161536K, reserved 1185792K
  class space    used 22941K, capacity 24469K, committed 24576K, reserved 1048576K
Event: 220.845 GC heap after
Heap after GC invocations=271 (full 15):
 par new generation   total 230016K, used 17119K [0x0000000640000000, 0x000000064f990000, 0x000000064f990000)
  eden space 204480K,   0% used [0x0000000640000000, 0x0000000640000000, 0x000000064c7b0000)
  from space 25536K,  67% used [0x000000064e0a0000, 0x000000064f157d40, 0x000000064f990000)
  to   space 25536K,   0% used [0x000000064c7b0000, 0x000000064c7b0000, 0x000000064e0a0000)
 concurrent mark-sweep generation total 2842420K, used 2269920K [0x000000064f990000, 0x00000006fd15d000, 0x00000007c0000000)
 Metaspace       used 155322K, capacity 161343K, committed 161536K, reserved 1185792K
  class space    used 22941K, capacity 24469K, committed 24576K, reserved 1048576K
}
Event: 222.183 GC heap before
{Heap before GC invocations=271 (full 15):
 par new generation   total 230016K, used 221599K [0x0000000640000000, 0x000000064f990000, 0x000000064f990000)
  eden space 204480K, 100% used [0x0000000640000000, 0x000000064c7b0000, 0x000000064c7b0000)
  from space 25536K,  67% used [0x000000064e0a0000, 0x000000064f157d40, 0x000000064f990000)
  to   space 25536K,   0% used [0x000000064c7b0000, 0x000000064c7b0000, 0x000000064e0a0000)
 concurrent mark-sweep generation total 2842420K, used 2269920K [0x000000064f990000, 0x00000006fd15d000, 0x00000007c0000000)
 Metaspace       used 155324K, capacity 161343K, committed 161536K, reserved 1185792K
  class space    used 22941K, capacity 24469K, committed 24576K, reserved 1048576K
Event: 222.199 GC heap after
Heap after GC invocations=272 (full 15):
 par new generation   total 230016K, used 19858K [0x0000000640000000, 0x000000064f990000, 0x000000064f990000)
  eden space 204480K,   0% used [0x0000000640000000, 0x0000000640000000, 0x000000064c7b0000)
  from space 25536K,  77% used [0x000000064c7b0000, 0x000000064db14820, 0x000000064e0a0000)
  to   space 25536K,   0% used [0x000000064e0a0000, 0x000000064e0a0000, 0x000000064f990000)
 concurrent mark-sweep generation total 2842420K, used 2269968K [0x000000064f990000, 0x00000006fd15d000, 0x00000007c0000000)
 Metaspace       used 155324K, capacity 161343K, committed 161536K, reserved 1185792K
  class space    used 22941K, capacity 24469K, committed 24576K, reserved 1048576K
}
Event: 226.643 GC heap before
{Heap before GC invocations=272 (full 15):
 par new generation   total 230016K, used 224338K [0x0000000640000000, 0x000000064f990000, 0x000000064f990000)
  eden space 204480K, 100% used [0x0000000640000000, 0x000000064c7b0000, 0x000000064c7b0000)
  from space 25536K,  77% used [0x000000064c7b0000, 0x000000064db14820, 0x000000064e0a0000)
  to   space 25536K,   0% used [0x000000064e0a0000, 0x000000064e0a0000, 0x000000064f990000)
 concurrent mark-sweep generation total 2842420K, used 2269968K [0x000000064f990000, 0x00000006fd15d000, 0x00000007c0000000)
 Metaspace       used 155375K, capacity 161419K, committed 161536K, reserved 1185792K
  class space    used 22942K, capacity 24469K, committed 24576K, reserved 1048576K
Event: 226.657 GC heap after
Heap after GC invocations=273 (full 15):
 par new generation   total 230016K, used 16471K [0x0000000640000000, 0x000000064f990000, 0x000000064f990000)
  eden space 204480K,   0% used [0x0000000640000000, 0x0000000640000000, 0x000000064c7b0000)
  from space 25536K,  64% used [0x000000064e0a0000, 0x000000064f0b5e40, 0x000000064f990000)
  to   space 25536K,   0% used [0x000000064c7b0000, 0x000000064c7b0000, 0x000000064e0a0000)
 concurrent mark-sweep generation total 2842420K, used 2270027K [0x000000064f990000, 0x00000006fd15d000, 0x00000007c0000000)
 Metaspace       used 155375K, capacity 161419K, committed 161536K, reserved 1185792K
  class space    used 22942K, capacity 24469K, committed 24576K, reserved 1048576K
}

